#
# A fatal error has been detected by the Java Runtime Environment:
#
#  EXCEPTION_ACCESS_VIOLATION (0xc0000005) at pc=0x00007ff9d124c188, pid=3944, tid=2352
#
# JRE version: Java(TM) SE Runtime Environment (15.0+36) (build 15+36-1562)
# Java VM: Java HotSpot(TM) 64-Bit Server VM (15+36-1562, mixed mode, sharing, tiered, compressed oops, g1 gc, windows-amd64)
# Problematic frame:
# C  [libnd4jcpu.dll+0x38c188]
#
# No core dump will be written. Minidumps are not enabled by default on client versions of Windows
#
# If you would like to submit a bug report, please visit:
#   https://bugreport.java.com/bugreport/crash.jsp
# The crash happened outside the Java Virtual Machine in native code.
# See problematic frame for where to report the bug.
#

---------------  S U M M A R Y ------------

Command Line: -Dfile.encoding=UTF-8 -XX:+ShowCodeDetailsInExceptionMessages fer.fpavicic.jmbagDetector.AnnotatedDatasetExample

Host: Intel(R) Core(TM) i5-8300H CPU @ 2.30GHz, 8 cores, 15G,  Windows 10 , 64 bit Build 19041 (10.0.19041.3031)
Time: Sun Jun 18 16:03:05 2023 Central European Summer Time elapsed time: 2.830472 seconds (0d 0h 0m 2s)

---------------  T H R E A D  ---------------

Current thread (0x000001b6cdfb1800):  JavaThread "main" [_thread_in_native, id=2352, stack(0x0000005727700000,0x0000005727800000)]

Stack: [0x0000005727700000,0x0000005727800000],  sp=0x00000057277fe4f0,  free space=1017k
Native frames: (J=compiled Java code, j=interpreted, Vv=VM code, C=native code)
C  [libnd4jcpu.dll+0x38c188]

Java frames: (J=compiled Java code, j=interpreted, Vv=VM code)
j  org.nd4j.linalg.cpu.nativecpu.bindings.Nd4jCpu.execTransformAny(Lorg/bytedeco/javacpp/PointerPointer;ILorg/nd4j/nativeblas/OpaqueDataBuffer;Lorg/bytedeco/javacpp/LongPointer;Lorg/bytedeco/javacpp/LongPointer;Lorg/nd4j/nativeblas/OpaqueDataBuffer;Lorg/bytedeco/javacpp/LongPointer;Lorg/bytedeco/javacpp/LongPointer;Lorg/bytedeco/javacpp/Pointer;)V+0
j  org.nd4j.linalg.cpu.nativecpu.ops.NativeOpExecutioner.exec(Lorg/nd4j/linalg/api/ops/TransformOp;Lorg/nd4j/linalg/api/ops/OpContext;)V+1183
j  org.nd4j.linalg.cpu.nativecpu.ops.NativeOpExecutioner.exec(Lorg/nd4j/linalg/api/ops/Op;Lorg/nd4j/linalg/api/ops/OpContext;)Lorg/nd4j/linalg/api/ndarray/INDArray;+57
j  org.nd4j.linalg.cpu.nativecpu.ops.NativeOpExecutioner.exec(Lorg/nd4j/linalg/api/ops/Op;)Lorg/nd4j/linalg/api/ndarray/INDArray;+3
j  org.nd4j.linalg.api.ndarray.BaseNDArray.assign(Lorg/nd4j/linalg/api/ndarray/INDArray;)Lorg/nd4j/linalg/api/ndarray/INDArray;+12
j  org.nd4j.linalg.api.ndarray.BaseNDArray.put([Lorg/nd4j/linalg/indexing/INDArrayIndex;Lorg/nd4j/linalg/api/ndarray/INDArray;)Lorg/nd4j/linalg/api/ndarray/INDArray;+63
j  fer.fpavicic.jmbagDetector.loaders.DatasetBatchLoader.loadLabels(Ljava/util/List;Ljava/lang/Integer;Ljava/lang/Integer;)Lorg/nd4j/linalg/api/ndarray/INDArray;+148
j  fer.fpavicic.jmbagDetector.loaders.DatasetBatchLoader.get(I)Lfer/fpavicic/jmbagDetector/dataset/Dataset;+77
j  fer.fpavicic.jmbagDetector.loaders.DatasetBatchLoader$1.get(I)Lorg/nd4j/linalg/api/ndarray/INDArray;+5
j  fer.fpavicic.jmbagDetector.model.Model.predict(Lfer/fpavicic/jmbagDetector/loaders/IImageBatchLoader;)Lorg/nd4j/linalg/api/ndarray/INDArray;+58
j  fer.fpavicic.jmbagDetector.AnnotatedDatasetExample.main(Ljava/lang/String;Ljava/lang/String;Ljava/lang/String;)V+145
j  fer.fpavicic.jmbagDetector.AnnotatedDatasetExample.main([Ljava/lang/String;)V+12
v  ~StubRoutines::call_stub

siginfo: EXCEPTION_ACCESS_VIOLATION (0xc0000005), writing address 0x0000000000000000


Register to memory mapping:

RIP=0x00007ff9d124c188 libnd4jcpu.dll
RAX=0x0 is NULL
RBX=0x000001b72050f3b0 points into unknown readable memory: 0x0000000000000002 | 02 00 00 00 00 00 00 00
RCX=0x0 is NULL
RDX=0x0 is NULL
RSP=0x00000057277fe4f0 is pointing into the stack for thread: 0x000001b6cdfb1800
RBP=0x000001b6f4de55d0 points into unknown readable memory: 0x0000000000000003 | 03 00 00 00 00 00 00 00
RSI=0x0000000000000001 is an unknown value
RDI=0x0 is NULL
R8 =0x0000000000000004 is an unknown value
R9 =0x0 is NULL
R10=0x0000000000000004 is an unknown value
R11=0x00000057277fe674 is pointing into the stack for thread: 0x000001b6cdfb1800
R12=0x0000000000000001 is an unknown value
R13=0x0000000000000001 is an unknown value
R14=0x00000057277fe5d0 is pointing into the stack for thread: 0x000001b6cdfb1800
R15=0x000001b6f4d613b0 points into unknown readable memory: 0x000000003f800000 | 00 00 80 3f 00 00 00 00


Registers:
RAX=0x0000000000000000, RBX=0x000001b72050f3b0, RCX=0x0000000000000000, RDX=0x0000000000000000
RSP=0x00000057277fe4f0, RBP=0x000001b6f4de55d0, RSI=0x0000000000000001, RDI=0x0000000000000000
R8 =0x0000000000000004, R9 =0x0000000000000000, R10=0x0000000000000004, R11=0x00000057277fe674
R12=0x0000000000000001, R13=0x0000000000000001, R14=0x00000057277fe5d0, R15=0x000001b6f4d613b0
RIP=0x00007ff9d124c188, EFLAGS=0x0000000000010202

Top of Stack: (sp=0x00000057277fe4f0)
0x00000057277fe4f0:   0000000000000000 000001b6d6c5df84
0x00000057277fe500:   000001b7201497f0 00007ffa817c9c9c
0x00000057277fe510:   0000000000000064 0000000000000001
0x00000057277fe520:   0000000000000001 000001b7201497f0
0x00000057277fe530:   000001b7201497f0 00007ff9d0d3519e
0x00000057277fe540:   000001b7201497f0 000001b6ce06a270
0x00000057277fe550:   00000057277fe5e0 000001b6dde28177
0x00000057277fe560:   000001b72050f3a8 00000057277fe5f0
0x00000057277fe570:   000001b6f4de55c8 000001b6dde29a1b
0x00000057277fe580:   000000000000000a 0000000000000005
0x00000057277fe590:   00000007040e7748 000001b72050f3c8
0x00000057277fe5a0:   00000007ffe54e98 000001b6f4de55f0
0x00000057277fe5b0:   00000007040e7430 00000007040e7520
0x00000057277fe5c0:   0000002ea4151609 00000007ffee9a98
0x00000057277fe5d0:   0000000000000000 0000000000000064
0x00000057277fe5e0:   0000000000000001 000000000000002c 

Instructions: (pc=0x00007ff9d124c188)
0x00007ff9d124c088:   4c 89 f1 e8 d0 99 52 00 48 39 c6 0f 8d 5a fd ff
0x00007ff9d124c098:   ff 45 84 e4 0f 84 a0 11 00 00 8b 94 24 00 01 00
0x00007ff9d124c0a8:   00 89 f0 44 8d 04 12 44 8d 52 01 41 8d 48 03 83
0x00007ff9d124c0b8:   bc 8c 00 01 00 00 63 0f 84 1f 12 00 00 83 fa 01
0x00007ff9d124c0c8:   0f 86 0e 12 00 00 48 8b 7c 24 78 45 31 c9 4c 8d
0x00007ff9d124c0d8:   1c 97 31 d2 44 89 c1 41 83 e8 01 41 f7 33 49 83
0x00007ff9d124c0e8:   eb 04 0f af 94 8c 00 01 00 00 41 01 d1 45 39 d0
0x00007ff9d124c0f8:   75 e0 42 0f af 84 94 00 01 00 00 42 8d 04 08 89
0x00007ff9d124c108:   c1 45 84 ed 0f 84 bc 10 00 00 8b 94 24 80 01 00
0x00007ff9d124c118:   00 89 f0 44 8d 04 12 44 8d 52 01 45 8d 48 03 42
0x00007ff9d124c128:   83 bc 8c 80 01 00 00 63 0f 84 0a 12 00 00 83 fa
0x00007ff9d124c138:   01 0f 86 f9 11 00 00 4c 8d 9c 94 80 01 00 00 45
0x00007ff9d124c148:   31 c9 31 d2 44 89 c7 41 83 e8 01 41 f7 33 49 83
0x00007ff9d124c158:   eb 04 0f af 94 bc 80 01 00 00 41 01 d1 45 39 d0
0x00007ff9d124c168:   75 e0 42 0f af 84 94 80 01 00 00 44 01 c8 f3 41
0x00007ff9d124c178:   0f 10 04 8f 48 8b bc 24 60 02 00 00 48 83 c6 01
0x00007ff9d124c188:   f3 0f 11 04 87 e9 f6 fe ff ff 45 38 f4 0f 85 6a
0x00007ff9d124c198:   fb ff ff 41 80 fc 63 0f 84 72 fb ff ff 84 c9 0f
0x00007ff9d124c1a8:   84 27 fd ff ff e9 65 fb ff ff 83 fa 01 0f 84 06
0x00007ff9d124c1b8:   fd ff ff 85 d2 0f 8e ac fc ff ff e9 04 fc ff ff
0x00007ff9d124c1c8:   48 8d 43 20 41 bc 05 00 00 00 48 89 84 24 a8 00
0x00007ff9d124c1d8:   00 00 e9 ed fb ff ff 41 b8 01 00 00 00 39 c2 0f
0x00007ff9d124c1e8:   85 ff fa ff ff e9 d4 fa ff ff 48 8b 4b 08 41 bb
0x00007ff9d124c1f8:   01 00 00 00 48 83 f9 01 0f 85 ff f9 ff ff e9 37
0x00007ff9d124c208:   fa ff ff 48 8b 4d 08 e9 5d fa ff ff 31 c9 e9 1c
0x00007ff9d124c218:   fa ff ff 48 8d 43 28 41 bc 06 00 00 00 48 89 84
0x00007ff9d124c228:   24 a8 00 00 00 e9 9a fb ff ff 48 8b 55 00 8d 54
0x00007ff9d124c238:   12 04 48 63 d2 4c 8b 6c d5 f0 48 8b 13 48 8d 4c
0x00007ff9d124c248:   12 04 48 85 c9 0f 8e 66 0f 00 00 31 d2 41 b9 fe
0x00007ff9d124c258:   ff ff ff eb 15 44 89 84 94 80 01 00 00 48 83 c2
0x00007ff9d124c268:   01 48 39 d1 0f 84 47 0f 00 00 4c 8b 04 d3 4d 39
0x00007ff9d124c278:   c8 7e e2 31 ed 48 89 44 24 20 49 89 f0 45 31 c9 


Stack slot to memory mapping:
stack at sp + 0 slots: 0x0 is NULL
stack at sp + 1 slots: 0x000001b6d6c5df84 is at entry_point+2468 in (nmethod*)0x000001b6d6c5d310
stack at sp + 2 slots: 0x000001b7201497f0 points into unknown readable memory: 0x000001b720149950 | 50 99 14 20 b7 01 00 00
stack at sp + 3 slots: 0x00007ffa817c9c9c msvcrt.dll
stack at sp + 4 slots: 0x0000000000000064 is an unknown value
stack at sp + 5 slots: 0x0000000000000001 is an unknown value
stack at sp + 6 slots: 0x0000000000000001 is an unknown value
stack at sp + 7 slots: 0x000001b7201497f0 points into unknown readable memory: 0x000001b720149950 | 50 99 14 20 b7 01 00 00


---------------  P R O C E S S  ---------------

Threads class SMR info:
_java_thread_list=0x000001b6f3de6c00, length=14, elements={
0x000001b6cdfb1800, 0x000001b6f1e5a860, 0x000001b6f1e5b120, 0x000001b6f1e760c0,
0x000001b6f1e79aa0, 0x000001b6f1e7a460, 0x000001b6f1e85170, 0x000001b6f1eb0620,
0x000001b6f1ec17e0, 0x000001b6f203ab90, 0x000001b6f2040790, 0x000001b6f2da0fc0,
0x000001b71f1d7010, 0x000001b71ef90080
}

Java Threads: ( => current thread )
=>0x000001b6cdfb1800 JavaThread "main" [_thread_in_native, id=2352, stack(0x0000005727700000,0x0000005727800000)]
  0x000001b6f1e5a860 JavaThread "Reference Handler" daemon [_thread_blocked, id=14400, stack(0x0000005727e00000,0x0000005727f00000)]
  0x000001b6f1e5b120 JavaThread "Finalizer" daemon [_thread_blocked, id=9792, stack(0x0000005727f00000,0x0000005728000000)]
  0x000001b6f1e760c0 JavaThread "Signal Dispatcher" daemon [_thread_blocked, id=12764, stack(0x0000005728000000,0x0000005728100000)]
  0x000001b6f1e79aa0 JavaThread "Attach Listener" daemon [_thread_blocked, id=7596, stack(0x0000005728100000,0x0000005728200000)]
  0x000001b6f1e7a460 JavaThread "Service Thread" daemon [_thread_blocked, id=17136, stack(0x0000005728200000,0x0000005728300000)]
  0x000001b6f1e85170 JavaThread "C2 CompilerThread0" daemon [_thread_blocked, id=13176, stack(0x0000005728300000,0x0000005728400000)]
  0x000001b6f1eb0620 JavaThread "C1 CompilerThread0" daemon [_thread_blocked, id=15648, stack(0x0000005728400000,0x0000005728500000)]
  0x000001b6f1ec17e0 JavaThread "Sweeper thread" daemon [_thread_blocked, id=1736, stack(0x0000005728500000,0x0000005728600000)]
  0x000001b6f203ab90 JavaThread "Notification Thread" daemon [_thread_blocked, id=15652, stack(0x0000005728600000,0x0000005728700000)]
  0x000001b6f2040790 JavaThread "Common-Cleaner" daemon [_thread_blocked, id=3776, stack(0x0000005728800000,0x0000005728900000)]
  0x000001b6f2da0fc0 JavaThread "JavaCPP Deallocator" daemon [_thread_blocked, id=13600, stack(0x0000005729000000,0x0000005729100000)]
  0x000001b71f1d7010 JavaThread "DeallocatorServiceThread_0" daemon [_thread_blocked, id=12972, stack(0x0000005729f00000,0x000000572a000000)]
  0x000001b71ef90080 JavaThread "DeallocatorServiceThread_1" daemon [_thread_blocked, id=10660, stack(0x000000572a000000,0x000000572a100000)]

Other Threads:
  0x000001b6f164d5e0 VMThread "VM Thread" [stack: 0x0000005727d00000,0x0000005727e00000] [id=11128]
  0x000001b6f2040480 WatcherThread [stack: 0x0000005728700000,0x0000005728800000] [id=1260]
  0x000001b6cdffdf40 GCTaskThread "GC Thread#0" [stack: 0x0000005727800000,0x0000005727900000] [id=12636]
  0x000001b6f2a45360 GCTaskThread "GC Thread#1" [stack: 0x0000005728b00000,0x0000005728c00000] [id=8640]
  0x000001b6f2a459c0 GCTaskThread "GC Thread#2" [stack: 0x0000005728c00000,0x0000005728d00000] [id=14412]
  0x000001b6f2a44370 GCTaskThread "GC Thread#3" [stack: 0x0000005728d00000,0x0000005728e00000] [id=9972]
  0x000001b6f2a46020 GCTaskThread "GC Thread#4" [stack: 0x0000005728e00000,0x0000005728f00000] [id=15644]
  0x000001b6f2a45690 GCTaskThread "GC Thread#5" [stack: 0x0000005728f00000,0x0000005729000000] [id=4444]
  0x000001b6ce010620 ConcurrentGCThread "G1 Main Marker" [stack: 0x0000005727900000,0x0000005727a00000] [id=3880]
  0x000001b6ce011130 ConcurrentGCThread "G1 Conc#0" [stack: 0x0000005727a00000,0x0000005727b00000] [id=5088]
  0x000001b6f56d0310 ConcurrentGCThread "G1 Conc#1" [stack: 0x000000572a100000,0x000000572a200000] [id=6612]
  0x000001b6f14d20d0 ConcurrentGCThread "G1 Refine#0" [stack: 0x0000005727b00000,0x0000005727c00000] [id=7576]
  0x000001b6f14d2be0 ConcurrentGCThread "G1 Young RemSet Sampling" [stack: 0x0000005727c00000,0x0000005727d00000] [id=7420]

Threads with active compile tasks:

VM state: not at safepoint (normal execution)

VM Mutex/Monitor currently owned by a thread: None

Heap address: 0x0000000702200000, size: 4062 MB, Compressed Oops mode: Zero based, Oop shift amount: 3
CDS archive(s) mapped at: [0x0000000800000000-0x0000000800b50000-0x0000000800b50000), size 11862016, SharedBaseAddress: 0x0000000800000000, ArchiveRelocationMode: 0.
Compressed class space mapped at: 0x0000000800b50000-0x0000000840b50000, size: 1073741824
Narrow klass base: 0x0000000800000000, Narrow klass shift: 3, Narrow klass range: 0x100000000

GC Precious Log:
 CPUs: 8 total, 8 available
 Memory: 16240M
 Large Page Support: Disabled
 NUMA Support: Disabled
 Compressed Oops: Enabled (Zero based)
 Heap Region Size: 2M
 Heap Min Capacity: 8M
 Heap Initial Capacity: 254M
 Heap Max Capacity: 4062M
 Pre-touch: Disabled
 Parallel Workers: 8
 Concurrent Workers: 2
 Concurrent Refinement Workers: 8
 Periodic GC: Disabled

Heap:
 garbage-first heap   total 59392K, used 33863K [0x0000000702200000, 0x0000000800000000)
  region size 2048K, 13 young (26624K), 1 survivors (2048K)
 Metaspace       used 24386K, capacity 25575K, committed 25856K, reserved 1073152K
  class space    used 2322K, capacity 2472K, committed 2560K, reserved 1048576K

Heap Regions: E=young(eden), S=young(survivor), O=old, HS=humongous(starts), HC=humongous(continues), CS=collection set, F=free, OA=open archive, CA=closed archive, TAMS=top-at-mark-start (previous, next)
|   0|0x0000000702200000, 0x0000000702400000, 0x0000000702400000|100%|HS|  |TAMS 0x0000000702400000, 0x0000000702200000| Complete 
|   1|0x0000000702400000, 0x0000000702600000, 0x0000000702600000|100%| O|  |TAMS 0x0000000702600000, 0x0000000702400000| Untracked 
|   2|0x0000000702600000, 0x0000000702800000, 0x0000000702800000|100%| O|  |TAMS 0x0000000702800000, 0x0000000702600000| Untracked 
|   3|0x0000000702800000, 0x0000000702a00000, 0x0000000702a00000|100%| O|  |TAMS 0x0000000702a00000, 0x0000000702800000| Untracked 
|   4|0x0000000702a00000, 0x0000000702b00e00, 0x0000000702c00000| 50%| O|  |TAMS 0x0000000702b00e00, 0x0000000702a00000| Untracked 
|   5|0x0000000702c00000, 0x0000000702c00000, 0x0000000702e00000|  0%| F|  |TAMS 0x0000000702c00000, 0x0000000702c00000| Untracked 
|   6|0x0000000702e00000, 0x0000000702e00000, 0x0000000703000000|  0%| F|  |TAMS 0x0000000702e00000, 0x0000000702e00000| Untracked 
|   7|0x0000000703000000, 0x0000000703000000, 0x0000000703200000|  0%| F|  |TAMS 0x0000000703000000, 0x0000000703000000| Untracked 
|   8|0x0000000703200000, 0x0000000703200000, 0x0000000703400000|  0%| F|  |TAMS 0x0000000703200000, 0x0000000703200000| Untracked 
|   9|0x0000000703400000, 0x0000000703400000, 0x0000000703600000|  0%| F|  |TAMS 0x0000000703400000, 0x0000000703400000| Untracked 
|  10|0x0000000703600000, 0x0000000703723980, 0x0000000703800000| 56%| S|CS|TAMS 0x0000000703600000, 0x0000000703600000| Complete 
|  11|0x0000000703800000, 0x0000000703800000, 0x0000000703a00000|  0%| F|  |TAMS 0x0000000703800000, 0x0000000703800000| Untracked 
|  12|0x0000000703a00000, 0x0000000703a00000, 0x0000000703c00000|  0%| F|  |TAMS 0x0000000703a00000, 0x0000000703a00000| Untracked 
|  13|0x0000000703c00000, 0x0000000703c00000, 0x0000000703e00000|  0%| F|  |TAMS 0x0000000703c00000, 0x0000000703c00000| Untracked 
|  14|0x0000000703e00000, 0x0000000703e00000, 0x0000000704000000|  0%| F|  |TAMS 0x0000000703e00000, 0x0000000703e00000| Untracked 
|  15|0x0000000704000000, 0x000000070417a188, 0x0000000704200000| 73%| E|  |TAMS 0x0000000704000000, 0x0000000704000000| Complete 
|  16|0x0000000704200000, 0x0000000704400000, 0x0000000704400000|100%| E|CS|TAMS 0x0000000704200000, 0x0000000704200000| Complete 
|  17|0x0000000704400000, 0x0000000704600000, 0x0000000704600000|100%| E|  |TAMS 0x0000000704400000, 0x0000000704400000| Complete 
|  18|0x0000000704600000, 0x0000000704800000, 0x0000000704800000|100%| E|CS|TAMS 0x0000000704600000, 0x0000000704600000| Complete 
|  19|0x0000000704800000, 0x0000000704a00000, 0x0000000704a00000|100%| E|CS|TAMS 0x0000000704800000, 0x0000000704800000| Complete 
|  20|0x0000000704a00000, 0x0000000704c00000, 0x0000000704c00000|100%| E|CS|TAMS 0x0000000704a00000, 0x0000000704a00000| Complete 
|  21|0x0000000704c00000, 0x0000000704e00000, 0x0000000704e00000|100%| E|CS|TAMS 0x0000000704c00000, 0x0000000704c00000| Complete 
|  22|0x0000000704e00000, 0x0000000705000000, 0x0000000705000000|100%| E|CS|TAMS 0x0000000704e00000, 0x0000000704e00000| Complete 
|  23|0x0000000705000000, 0x0000000705200000, 0x0000000705200000|100%| E|CS|TAMS 0x0000000705000000, 0x0000000705000000| Complete 
|  61|0x0000000709c00000, 0x0000000709e00000, 0x0000000709e00000|100%| E|CS|TAMS 0x0000000709c00000, 0x0000000709c00000| Complete 
|  62|0x0000000709e00000, 0x000000070a000000, 0x000000070a000000|100%| E|CS|TAMS 0x0000000709e00000, 0x0000000709e00000| Complete 
| 126|0x0000000711e00000, 0x0000000712000000, 0x0000000712000000|100%| E|CS|TAMS 0x0000000711e00000, 0x0000000711e00000| Complete 
|2029|0x00000007ffc00000, 0x00000007ffced800, 0x00000007ffe00000| 46%| O|  |TAMS 0x00000007ffc00000, 0x00000007ffc00000| Untracked 
|2030|0x00000007ffe00000, 0x0000000800000000, 0x0000000800000000|100%| O|  |TAMS 0x00000007ffe00000, 0x00000007ffe00000| Untracked 

Card table byte_map: [0x000001b6e5cf0000,0x000001b6e64e0000] _byte_map_base: 0x000001b6e24df000

Marking Bits (Prev, Next): (CMBitMap*) 0x000001b6cdffe700, (CMBitMap*) 0x000001b6cdffe6c0
 Prev Bits: [0x000001b6eac50000, 0x000001b6eebc8000)
 Next Bits: [0x000001b6e6cd0000, 0x000001b6eac48000)

Polling page: 0x000001b6cbf40000

Metaspace:

Usage:
  Non-class:     22.56 MB capacity,    21.55 MB ( 96%) used,  1016.66 KB (  4%) free+waste,    22.56 KB ( <1%) overhead. 
      Class:      2.41 MB capacity,     2.27 MB ( 94%) used,   142.81 KB (  6%) free+waste,     6.25 KB ( <1%) overhead. 
       Both:     24.98 MB capacity,    23.82 MB ( 95%) used,     1.13 MB (  5%) free+waste,    28.81 KB ( <1%) overhead. 

Virtual space:
  Non-class space:       24.00 MB reserved,      22.75 MB ( 95%) committed 
      Class space:        1.00 GB reserved,       2.50 MB ( <1%) committed 
             Both:        1.02 GB reserved,      25.25 MB (  2%) committed 

Chunk freelists:
   Non-Class:  65.00 KB
       Class:  24.00 KB
        Both:  89.00 KB

MaxMetaspaceSize: 17179869184.00 GB
CompressedClassSpaceSize: 1.00 GB

CodeHeap 'non-profiled nmethods': size=120000Kb used=1579Kb max_used=1579Kb free=118420Kb
 bounds [0x000001b6ddca0000, 0x000001b6ddf10000, 0x000001b6e51d0000]
CodeHeap 'profiled nmethods': size=120000Kb used=5120Kb max_used=5120Kb free=114879Kb
 bounds [0x000001b6d6770000, 0x000001b6d6c80000, 0x000001b6ddca0000]
CodeHeap 'non-nmethods': size=5760Kb used=1836Kb max_used=1876Kb free=3923Kb
 bounds [0x000001b6d61d0000, 0x000001b6d6440000, 0x000001b6d6770000]
 total_blobs=3371 nmethods=2131 adapters=1153
 compilation: enabled
              stopped_count=0, restarted_count=0
 full_count=0

Compilation events (20 events):
Event: 2.793 Thread 0x000001b6f1eb0620 2133       3       org.nd4j.linalg.factory.Nd4j::factory (4 bytes)
Event: 2.793 Thread 0x000001b6f1eb0620 nmethod 2133 0x000001b6d6c69c10 code [0x000001b6d6c69da0, 0x000001b6d6c69e98]
Event: 2.793 Thread 0x000001b6f1eb0620 2132       3       org.nd4j.linalg.factory.Nd4j::order (12 bytes)
Event: 2.794 Thread 0x000001b6f1eb0620 nmethod 2132 0x000001b6d6c69f10 code [0x000001b6d6c6a0e0, 0x000001b6d6c6a518]
Event: 2.796 Thread 0x000001b6f1eb0620 2134       1       org.datavec.image.data.ImageWritable::getFrame (5 bytes)
Event: 2.796 Thread 0x000001b6f1eb0620 nmethod 2134 0x000001b6dde2a690 code [0x000001b6dde2a820, 0x000001b6dde2a8d8]
Event: 2.796 Thread 0x000001b6f1eb0620 2135       3       org.nd4j.linalg.cpu.nativecpu.buffer.DefaultDataBufferFactory::create (277 bytes)
Event: 2.797 Thread 0x000001b6f1eb0620 nmethod 2135 0x000001b6d6c6a710 code [0x000001b6d6c6aae0, 0x000001b6d6c6bfb8]
Event: 2.797 Thread 0x000001b6f1eb0620 2138       3       org.nd4j.linalg.indexing.NDArrayIndexAll::<init> (7 bytes)
Event: 2.797 Thread 0x000001b6f1eb0620 nmethod 2138 0x000001b6d6c6c810 code [0x000001b6d6c6c9c0, 0x000001b6d6c6cbd8]
Event: 2.797 Thread 0x000001b6f1eb0620 2136       3       org.nd4j.linalg.cpu.nativecpu.buffer.FloatBuffer::<init> (7 bytes)
Event: 2.797 Thread 0x000001b6f1eb0620 nmethod 2136 0x000001b6d6c6cd10 code [0x000001b6d6c6cec0, 0x000001b6d6c6cfe8]
Event: 2.797 Thread 0x000001b6f1eb0620 2137       1       org.nd4j.linalg.api.ops.impl.scalar.ScalarDivision::opName (3 bytes)
Event: 2.797 Thread 0x000001b6f1eb0620 nmethod 2137 0x000001b6dde2a990 code [0x000001b6dde2ab20, 0x000001b6dde2abd8]
Event: 2.798 Thread 0x000001b6f1eb0620 2139       3       org.nd4j.linalg.api.ndarray.BaseNDArray::wasClosed (30 bytes)
Event: 2.798 Thread 0x000001b6f1eb0620 nmethod 2139 0x000001b6d6c6d090 code [0x000001b6d6c6d260, 0x000001b6d6c6d9e8]
Event: 2.798 Thread 0x000001b6f1eb0620 2140       3       org.nd4j.linalg.api.ops.executioner.DefaultOpExecutioner::checkWorkspace (127 bytes)
Event: 2.798 Thread 0x000001b6f1eb0620 nmethod 2140 0x000001b6d6c6db90 code [0x000001b6d6c6dde0, 0x000001b6d6c6e768]
Event: 2.798 Thread 0x000001b6f1eb0620 2141       3       org.nd4j.linalg.api.ndarray.BaseNDArray::isAttached (110 bytes)
Event: 2.799 Thread 0x000001b6f1eb0620 nmethod 2141 0x000001b6d6c6eb10 code [0x000001b6d6c6ed80, 0x000001b6d6c6fdb8]

GC Heap History (14 events):
Event: 0.390 GC heap before
{Heap before GC invocations=0 (full 0):
 garbage-first heap   total 260096K, used 22528K [0x0000000702200000, 0x0000000800000000)
  region size 2048K, 11 young (22528K), 0 survivors (0K)
 Metaspace       used 2320K, capacity 5549K, committed 5632K, reserved 1056768K
  class space    used 147K, capacity 463K, committed 512K, reserved 1048576K
}
Event: 0.394 GC heap after
{Heap after GC invocations=1 (full 0):
 garbage-first heap   total 260096K, used 9133K [0x0000000702200000, 0x0000000800000000)
  region size 2048K, 2 young (4096K), 2 survivors (4096K)
 Metaspace       used 2320K, capacity 5549K, committed 5632K, reserved 1056768K
  class space    used 147K, capacity 463K, committed 512K, reserved 1048576K
}
Event: 0.590 GC heap before
{Heap before GC invocations=1 (full 0):
 garbage-first heap   total 260096K, used 33709K [0x0000000702200000, 0x0000000800000000)
  region size 2048K, 14 young (28672K), 2 survivors (4096K)
 Metaspace       used 2517K, capacity 5677K, committed 5888K, reserved 1056768K
  class space    used 161K, capacity 463K, committed 512K, reserved 1048576K
}
Event: 0.592 GC heap after
{Heap after GC invocations=2 (full 0):
 garbage-first heap   total 260096K, used 9389K [0x0000000702200000, 0x0000000800000000)
  region size 2048K, 1 young (2048K), 1 survivors (2048K)
 Metaspace       used 2517K, capacity 5677K, committed 5888K, reserved 1056768K
  class space    used 161K, capacity 463K, committed 512K, reserved 1048576K
}
Event: 1.824 GC heap before
{Heap before GC invocations=2 (full 0):
 garbage-first heap   total 260096K, used 142509K [0x0000000702200000, 0x0000000800000000)
  region size 2048K, 64 young (131072K), 1 survivors (2048K)
 Metaspace       used 19436K, capacity 21095K, committed 21248K, reserved 1069056K
  class space    used 1860K, capacity 2024K, committed 2048K, reserved 1048576K
}
Event: 1.828 GC heap after
{Heap after GC invocations=3 (full 0):
 garbage-first heap   total 260096K, used 12487K [0x0000000702200000, 0x0000000800000000)
  region size 2048K, 2 young (4096K), 2 survivors (4096K)
 Metaspace       used 19436K, capacity 21095K, committed 21248K, reserved 1069056K
  class space    used 1860K, capacity 2024K, committed 2048K, reserved 1048576K
}
Event: 2.115 GC heap before
{Heap before GC invocations=4 (full 0):
 garbage-first heap   total 55296K, used 49351K [0x0000000702200000, 0x0000000800000000)
  region size 2048K, 16 young (32768K), 2 survivors (4096K)
 Metaspace       used 21890K, capacity 23175K, committed 23552K, reserved 1071104K
  class space    used 2031K, capacity 2184K, committed 2304K, reserved 1048576K
}
Event: 2.118 GC heap after
{Heap after GC invocations=5 (full 0):
 garbage-first heap   total 59392K, used 13355K [0x0000000702200000, 0x0000000800000000)
  region size 2048K, 1 young (2048K), 1 survivors (2048K)
 Metaspace       used 21890K, capacity 23175K, committed 23552K, reserved 1071104K
  class space    used 2031K, capacity 2184K, committed 2304K, reserved 1048576K
}
Event: 2.236 GC heap before
{Heap before GC invocations=5 (full 0):
 garbage-first heap   total 59392K, used 39979K [0x0000000702200000, 0x0000000800000000)
  region size 2048K, 14 young (28672K), 1 survivors (2048K)
 Metaspace       used 21894K, capacity 23175K, committed 23552K, reserved 1071104K
  class space    used 2031K, capacity 2184K, committed 2304K, reserved 1048576K
}
Event: 2.238 GC heap after
{Heap after GC invocations=6 (full 0):
 garbage-first heap   total 59392K, used 13163K [0x0000000702200000, 0x0000000800000000)
  region size 2048K, 1 young (2048K), 1 survivors (2048K)
 Metaspace       used 21894K, capacity 23175K, committed 23552K, reserved 1071104K
  class space    used 2031K, capacity 2184K, committed 2304K, reserved 1048576K
}
Event: 2.359 GC heap before
{Heap before GC invocations=6 (full 0):
 garbage-first heap   total 59392K, used 41835K [0x0000000702200000, 0x0000000800000000)
  region size 2048K, 15 young (30720K), 1 survivors (2048K)
 Metaspace       used 21894K, capacity 23175K, committed 23552K, reserved 1071104K
  class space    used 2031K, capacity 2184K, committed 2304K, reserved 1048576K
}
Event: 2.361 GC heap after
{Heap after GC invocations=7 (full 0):
 garbage-first heap   total 59392K, used 13112K [0x0000000702200000, 0x0000000800000000)
  region size 2048K, 1 young (2048K), 1 survivors (2048K)
 Metaspace       used 21894K, capacity 23175K, committed 23552K, reserved 1071104K
  class space    used 2031K, capacity 2184K, committed 2304K, reserved 1048576K
}
Event: 2.562 GC heap before
{Heap before GC invocations=7 (full 0):
 garbage-first heap   total 59392K, used 43832K [0x0000000702200000, 0x0000000800000000)
  region size 2048K, 16 young (32768K), 1 survivors (2048K)
 Metaspace       used 24235K, capacity 25415K, committed 25600K, reserved 1073152K
  class space    used 2313K, capacity 2440K, committed 2560K, reserved 1048576K
}
Event: 2.564 GC heap after
{Heap after GC invocations=8 (full 0):
 garbage-first heap   total 59392K, used 13383K [0x0000000702200000, 0x0000000800000000)
  region size 2048K, 1 young (2048K), 1 survivors (2048K)
 Metaspace       used 24235K, capacity 25415K, committed 25600K, reserved 1073152K
  class space    used 2313K, capacity 2440K, committed 2560K, reserved 1048576K
}

Deoptimization events (20 events):
Event: 2.605 Thread 0x000001b6cdfb1800 DEOPT PACKING pc=0x000001b6d6c43e7c sp=0x00000057277fe7e0
Event: 2.605 Thread 0x000001b6cdfb1800 DEOPT UNPACKING pc=0x000001b6d621e23f sp=0x00000057277fde80 mode 0
Event: 2.606 Thread 0x000001b6cdfb1800 DEOPT PACKING pc=0x000001b6d6c39d9f sp=0x00000057277fe6f0
Event: 2.606 Thread 0x000001b6cdfb1800 DEOPT UNPACKING pc=0x000001b6d621e23f sp=0x00000057277fde80 mode 0
Event: 2.610 Thread 0x000001b6cdfb1800 DEOPT PACKING pc=0x000001b6d6c43e7c sp=0x00000057277fe7e0
Event: 2.610 Thread 0x000001b6cdfb1800 DEOPT UNPACKING pc=0x000001b6d621e23f sp=0x00000057277fde80 mode 0
Event: 2.613 Thread 0x000001b6cdfb1800 DEOPT PACKING pc=0x000001b6d6c43e7c sp=0x00000057277fe7e0
Event: 2.613 Thread 0x000001b6cdfb1800 DEOPT UNPACKING pc=0x000001b6d621e23f sp=0x00000057277fde80 mode 0
Event: 2.617 Thread 0x000001b6cdfb1800 DEOPT PACKING pc=0x000001b6d6c43e7c sp=0x00000057277fe7e0
Event: 2.617 Thread 0x000001b6cdfb1800 DEOPT UNPACKING pc=0x000001b6d621e23f sp=0x00000057277fde80 mode 0
Event: 2.621 Thread 0x000001b6cdfb1800 DEOPT PACKING pc=0x000001b6d6c43e7c sp=0x00000057277fe7e0
Event: 2.621 Thread 0x000001b6cdfb1800 DEOPT UNPACKING pc=0x000001b6d621e23f sp=0x00000057277fde80 mode 0
Event: 2.625 Thread 0x000001b6cdfb1800 DEOPT PACKING pc=0x000001b6d6c43e7c sp=0x00000057277fe7e0
Event: 2.625 Thread 0x000001b6cdfb1800 DEOPT UNPACKING pc=0x000001b6d621e23f sp=0x00000057277fde80 mode 0
Event: 2.629 Thread 0x000001b6cdfb1800 DEOPT PACKING pc=0x000001b6d6c43e7c sp=0x00000057277fe7e0
Event: 2.629 Thread 0x000001b6cdfb1800 DEOPT UNPACKING pc=0x000001b6d621e23f sp=0x00000057277fde80 mode 0
Event: 2.797 Thread 0x000001b6cdfb1800 Uncommon trap: trap_request=0xffffff45 fr.pc=0x000001b6ddde7a6c relative=0x000000000000190c
Event: 2.797 Thread 0x000001b6cdfb1800 Uncommon trap: reason=unstable_if action=reinterpret pc=0x000001b6ddde7a6c method=java.lang.String.split(Ljava/lang/String;I)[Ljava/lang/String; @ 7 c2
Event: 2.797 Thread 0x000001b6cdfb1800 DEOPT PACKING pc=0x000001b6ddde7a6c sp=0x00000057277fed00
Event: 2.797 Thread 0x000001b6cdfb1800 DEOPT UNPACKING pc=0x000001b6d621e42f sp=0x00000057277fecc8 mode 2

Classes unloaded (0 events):
No events

Classes redefined (0 events):
No events

Internal exceptions (11 events):
Event: 0.226 Thread 0x000001b6cdfb1800 Exception <a 'java/lang/NoClassDefFoundError'{0x000000071148af88}: org/slf4j/impl/StaticLoggerBinder> (0x000000071148af88) 
thrown [./open/src/hotspot/share/classfile/systemDictionary.cpp, line 284]
Event: 0.262 Thread 0x000001b6cdfb1800 Exception <a 'java/lang/NoSuchMethodError'{0x0000000711291f38}: 'int java.lang.invoke.DirectMethodHandle$Holder.invokeStaticInit(java.lang.Object, java.lang.Object, java.lang.Object, java.lang.Object)'> (0x0000000711291f38) 
thrown [./open/src/hotspot/share/interpreter/linkResolver.cpp, line 782]
Event: 0.264 Thread 0x000001b6cdfb1800 Exception <a 'java/lang/NoSuchMethodError'{0x000000071129d4a0}: 'java.lang.Object java.lang.invoke.DirectMethodHandle$Holder.invokeInterface(java.lang.Object, java.lang.Object)'> (0x000000071129d4a0) 
thrown [./open/src/hotspot/share/interpreter/linkResolver.cpp, line 782]
Event: 0.264 Thread 0x000001b6cdfb1800 Exception <a 'java/lang/IncompatibleClassChangeError'{0x00000007112a0db8}: Found class java.lang.Object, but interface was expected> (0x00000007112a0db8) 
thrown [./open/src/hotspot/share/interpreter/linkResolver.cpp, line 848]
Event: 0.265 Thread 0x000001b6cdfb1800 Exception <a 'java/lang/NoSuchMethodError'{0x00000007112a41b8}: 'void java.lang.invoke.DirectMethodHandle$Holder.invokeStatic(java.lang.Object, java.lang.Object)'> (0x00000007112a41b8) 
thrown [./open/src/hotspot/share/interpreter/linkResolver.cpp, line 782]
Event: 0.265 Thread 0x000001b6cdfb1800 Exception <a 'java/lang/NoSuchMethodError'{0x00000007112a7a30}: 'void java.lang.invoke.DirectMethodHandle$Holder.invokeStaticInit(java.lang.Object, java.lang.Object)'> (0x00000007112a7a30) 
thrown [./open/src/hotspot/share/interpreter/linkResolver.cpp, line 782]
Event: 0.266 Thread 0x000001b6cdfb1800 Exception <a 'java/lang/NoSuchMethodError'{0x00000007112afd10}: 'int java.lang.invoke.DirectMethodHandle$Holder.invokeStaticInit(java.lang.Object, java.lang.Object)'> (0x00000007112afd10) 
thrown [./open/src/hotspot/share/interpreter/linkResolver.cpp, line 782]
Event: 1.029 Thread 0x000001b6cdfb1800 Exception <a 'java/lang/NoSuchMethodError'{0x000000070fdf2858}: 'java.lang.Object java.lang.invoke.DirectMethodHandle$Holder.newInvokeSpecial(java.lang.Object, java.lang.Object, java.lang.Object, java.lang.Object, java.lang.Object)'> (0x000000070fdf2858) 
thrown [./open/src/hotspot/share/interpreter/linkResolver.cpp, line 782]
Event: 1.077 Thread 0x000001b6cdfb1800 Exception <a 'java/lang/NoSuchMethodError'{0x000000070f679218}: 'void java.lang.invoke.DirectMethodHandle$Holder.invokeSpecial(java.lang.Object, java.lang.Object, java.lang.Object)'> (0x000000070f679218) 
thrown [./open/src/hotspot/share/interpreter/linkResolver.cpp, line 782]
Event: 1.121 Thread 0x000001b6cdfb1800 Exception <a 'java/lang/NoSuchMethodError'{0x000000070f5be840}: 'int java.lang.invoke.DirectMethodHandle$Holder.invokeStatic(java.lang.Object, java.lang.Object, int)'> (0x000000070f5be840) 
thrown [./open/src/hotspot/share/interpreter/linkResolver.cpp, line 782]
Event: 1.350 Thread 0x000001b6cdfb1800 Exception <a 'java/lang/NoSuchMethodError'{0x000000070e3cffb8}: 'java.lang.Object java.lang.invoke.DirectMethodHandle$Holder.invokeStatic(java.lang.Object, int, java.lang.Object)'> (0x000000070e3cffb8) 
thrown [./open/src/hotspot/share/interpreter/linkResolver.cpp, line 782]

Events (20 events):
Event: 2.488 loading class java/nio/ShortBuffer done
Event: 2.519 Loaded shared library C:\Users\Filip\.javacpp\cache\opencv-4.5.5-1.5.7-windows-x86_64.jar\org\bytedeco\opencv\windows-x86_64\jniopencv_imgproc.dll
Event: 2.535 Loaded shared library C:\Users\Filip\.javacpp\cache\opencv-4.5.5-1.5.7-windows-x86_64.jar\org\bytedeco\opencv\windows-x86_64\opencv_imgcodecs455.dll
Event: 2.539 Loaded shared library C:\Users\Filip\.javacpp\cache\opencv-4.5.5-1.5.7-windows-x86_64.jar\org\bytedeco\opencv\windows-x86_64\jniopencv_imgcodecs.dll
Event: 2.543 loading class java/lang/Short$ShortCache
Event: 2.543 loading class java/lang/Short$ShortCache done
Event: 2.547 loading class java/nio/charset/CharacterCodingException
Event: 2.547 loading class java/nio/charset/CharacterCodingException done
Event: 2.547 loading class java/text/CharacterIterator
Event: 2.547 loading class java/text/CharacterIterator done
Event: 2.547 loading class java/nio/charset/MalformedInputException
Event: 2.547 loading class java/nio/charset/MalformedInputException done
Event: 2.562 Executing VM operation: G1CollectForAllocation
Event: 2.564 Executing VM operation: G1CollectForAllocation done
Event: 2.568 Executing VM operation: HandshakeAllThreads
Event: 2.568 Executing VM operation: HandshakeAllThreads done
Event: 2.571 Thread 0x000001b6f494c660 Thread added: 0x000001b6f494c660
Event: 2.690 Thread 0x000001b6f494c660 Thread exited: 0x000001b6f494c660
Event: 2.797 loading class java/io/FileWriter
Event: 2.797 loading class java/io/FileWriter done


Dynamic libraries:
0x00007ff772180000 - 0x00007ff77218f000 	C:\Program Files\Java\jdk-15\bin\javaw.exe
0x00007ffa826d0000 - 0x00007ffa828c8000 	C:\WINDOWS\SYSTEM32\ntdll.dll
0x00007ffa80cd0000 - 0x00007ffa80d8f000 	C:\WINDOWS\System32\KERNEL32.DLL
0x00007ffa80430000 - 0x00007ffa80726000 	C:\WINDOWS\System32\KERNELBASE.dll
0x00007ffa80260000 - 0x00007ffa80360000 	C:\WINDOWS\System32\ucrtbase.dll
0x00007ff9e7530000 - 0x00007ff9e7548000 	C:\Program Files\Java\jdk-15\bin\jli.dll
0x00007ff9e7510000 - 0x00007ff9e7529000 	C:\Program Files\Java\jdk-15\bin\VCRUNTIME140.dll
0x00007ffa80730000 - 0x00007ffa807df000 	C:\WINDOWS\System32\ADVAPI32.dll
0x00007ffa817b0000 - 0x00007ffa8184e000 	C:\WINDOWS\System32\msvcrt.dll
0x00007ffa81710000 - 0x00007ffa817ac000 	C:\WINDOWS\System32\sechost.dll
0x00007ffa81980000 - 0x00007ffa81aa6000 	C:\WINDOWS\System32\RPCRT4.dll
0x00007ffa81090000 - 0x00007ffa8122d000 	C:\WINDOWS\System32\USER32.dll
0x00007ffa7fe40000 - 0x00007ffa7fe62000 	C:\WINDOWS\System32\win32u.dll
0x00007ffa64be0000 - 0x00007ffa64e7a000 	C:\WINDOWS\WinSxS\amd64_microsoft.windows.common-controls_6595b64144ccf1df_6.0.19041.1110_none_60b5254171f9507e\COMCTL32.dll
0x00007ffa81c50000 - 0x00007ffa81c7c000 	C:\WINDOWS\System32\GDI32.dll
0x00007ffa7fe70000 - 0x00007ffa7ff85000 	C:\WINDOWS\System32\gdi32full.dll
0x00007ffa80390000 - 0x00007ffa8042d000 	C:\WINDOWS\System32\msvcp_win.dll
0x00007ffa798e0000 - 0x00007ffa798ea000 	C:\WINDOWS\SYSTEM32\VERSION.dll
0x00007ffa80b40000 - 0x00007ffa80b70000 	C:\WINDOWS\System32\IMM32.DLL
0x00007ff9e73b0000 - 0x00007ff9e73bc000 	C:\Program Files\Java\jdk-15\bin\vcruntime140_1.dll
0x00007ff9e7310000 - 0x00007ff9e73a1000 	C:\Program Files\Java\jdk-15\bin\msvcp140.dll
0x00007ff9e6640000 - 0x00007ff9e719c000 	C:\Program Files\Java\jdk-15\bin\server\jvm.dll
0x00007ffa81060000 - 0x00007ffa81068000 	C:\WINDOWS\System32\PSAPI.DLL
0x00007ffa6b4d0000 - 0x00007ffa6b4d9000 	C:\WINDOWS\SYSTEM32\WSOCK32.dll
0x00007ffa70fc0000 - 0x00007ffa70fe7000 	C:\WINDOWS\SYSTEM32\WINMM.dll
0x00007ffa80e40000 - 0x00007ffa80eab000 	C:\WINDOWS\System32\WS2_32.dll
0x00007ffa7e5e0000 - 0x00007ffa7e5f2000 	C:\WINDOWS\SYSTEM32\kernel.appcore.dll
0x00007ff9e7300000 - 0x00007ff9e730a000 	C:\Program Files\Java\jdk-15\bin\jimage.dll
0x00007ffa7db10000 - 0x00007ffa7dcf4000 	C:\WINDOWS\SYSTEM32\DBGHELP.DLL
0x00007ffa632c0000 - 0x00007ffa632f4000 	C:\WINDOWS\SYSTEM32\dbgcore.DLL
0x00007ffa7fdb0000 - 0x00007ffa7fe32000 	C:\WINDOWS\System32\bcryptPrimitives.dll
0x00007ff9e72d0000 - 0x00007ff9e72f5000 	C:\Program Files\Java\jdk-15\bin\java.dll
0x00007ffa81c80000 - 0x00007ffa823c4000 	C:\WINDOWS\System32\SHELL32.dll
0x00007ffa7de00000 - 0x00007ffa7e593000 	C:\WINDOWS\SYSTEM32\windows.storage.dll
0x00007ffa807e0000 - 0x00007ffa80b34000 	C:\WINDOWS\System32\combase.dll
0x00007ffa7f6b0000 - 0x00007ffa7f6de000 	C:\WINDOWS\SYSTEM32\Wldp.dll
0x00007ffa81ab0000 - 0x00007ffa81b5d000 	C:\WINDOWS\System32\SHCORE.dll
0x00007ffa81b60000 - 0x00007ffa81bb5000 	C:\WINDOWS\System32\shlwapi.dll
0x00007ffa7fcf0000 - 0x00007ffa7fd0f000 	C:\WINDOWS\SYSTEM32\profapi.dll
0x00007ff9e72b0000 - 0x00007ff9e72c9000 	C:\Program Files\Java\jdk-15\bin\net.dll
0x00007ffa787d0000 - 0x00007ffa788da000 	C:\WINDOWS\SYSTEM32\WINHTTP.dll
0x00007ffa7f490000 - 0x00007ffa7f4fa000 	C:\WINDOWS\system32\mswsock.dll
0x00007ff9e7290000 - 0x00007ff9e72a2000 	C:\Program Files\Java\jdk-15\bin\nio.dll
0x00007ff9e7270000 - 0x00007ff9e7288000 	C:\Program Files\Java\jdk-15\bin\zip.dll
0x00007ff9e7260000 - 0x00007ff9e7270000 	C:\Program Files\Java\jdk-15\bin\verify.dll
0x000001b6cbfa0000 - 0x000001b6cbfa4000 	C:\Users\Filip\.javacpp\cache\javacpp-1.5.7-windows-x86_64.jar\org\bytedeco\javacpp\windows-x86_64\api-ms-win-crt-locale-l1-1-0.dll
0x000001b6cbfb0000 - 0x000001b6cbfb5000 	C:\Users\Filip\.javacpp\cache\javacpp-1.5.7-windows-x86_64.jar\org\bytedeco\javacpp\windows-x86_64\api-ms-win-crt-string-l1-1-0.dll
0x000001b6cdf30000 - 0x000001b6cdf35000 	C:\Users\Filip\.javacpp\cache\javacpp-1.5.7-windows-x86_64.jar\org\bytedeco\javacpp\windows-x86_64\api-ms-win-crt-stdio-l1-1-0.dll
0x000001b6cdf40000 - 0x000001b6cdf46000 	C:\Users\Filip\.javacpp\cache\javacpp-1.5.7-windows-x86_64.jar\org\bytedeco\javacpp\windows-x86_64\api-ms-win-crt-math-l1-1-0.dll
0x000001b6cdf50000 - 0x000001b6cdf54000 	C:\Users\Filip\.javacpp\cache\javacpp-1.5.7-windows-x86_64.jar\org\bytedeco\javacpp\windows-x86_64\api-ms-win-crt-heap-l1-1-0.dll
0x000001b6cdf60000 - 0x000001b6cdf65000 	C:\Users\Filip\.javacpp\cache\javacpp-1.5.7-windows-x86_64.jar\org\bytedeco\javacpp\windows-x86_64\api-ms-win-crt-runtime-l1-1-0.dll
0x000001b6f3b20000 - 0x000001b6f3b25000 	C:\Users\Filip\.javacpp\cache\javacpp-1.5.7-windows-x86_64.jar\org\bytedeco\javacpp\windows-x86_64\api-ms-win-crt-convert-l1-1-0.dll
0x000001b6f3b30000 - 0x000001b6f3b34000 	C:\Users\Filip\.javacpp\cache\javacpp-1.5.7-windows-x86_64.jar\org\bytedeco\javacpp\windows-x86_64\api-ms-win-crt-environment-l1-1-0.dll
0x000001b6f3b40000 - 0x000001b6f3b44000 	C:\Users\Filip\.javacpp\cache\javacpp-1.5.7-windows-x86_64.jar\org\bytedeco\javacpp\windows-x86_64\api-ms-win-crt-time-l1-1-0.dll
0x000001b6f3b50000 - 0x000001b6f3b54000 	C:\Users\Filip\.javacpp\cache\javacpp-1.5.7-windows-x86_64.jar\org\bytedeco\javacpp\windows-x86_64\api-ms-win-crt-filesystem-l1-1-0.dll
0x000001b6f3b60000 - 0x000001b6f3b64000 	C:\Users\Filip\.javacpp\cache\javacpp-1.5.7-windows-x86_64.jar\org\bytedeco\javacpp\windows-x86_64\api-ms-win-crt-utility-l1-1-0.dll
0x000001b6f3b70000 - 0x000001b6f3b76000 	C:\Users\Filip\.javacpp\cache\javacpp-1.5.7-windows-x86_64.jar\org\bytedeco\javacpp\windows-x86_64\api-ms-win-crt-multibyte-l1-1-0.dll
0x000001b6f3b80000 - 0x000001b6f3b84000 	C:\Users\Filip\.javacpp\cache\javacpp-1.5.7-windows-x86_64.jar\org\bytedeco\javacpp\windows-x86_64\api-ms-win-crt-conio-l1-1-0.dll
0x000001b6f4b60000 - 0x000001b6f4b71000 	C:\Users\Filip\.javacpp\cache\javacpp-1.5.7-windows-x86_64.jar\org\bytedeco\javacpp\windows-x86_64\api-ms-win-crt-private-l1-1-0.dll
0x000001b6f4b80000 - 0x000001b6f4b84000 	C:\Users\Filip\.javacpp\cache\javacpp-1.5.7-windows-x86_64.jar\org\bytedeco\javacpp\windows-x86_64\api-ms-win-crt-process-l1-1-0.dll
0x000001b6f4b90000 - 0x000001b6f4b94000 	C:\Users\Filip\.javacpp\cache\javacpp-1.5.7-windows-x86_64.jar\org\bytedeco\javacpp\windows-x86_64\api-ms-win-core-console-l1-2-0.dll
0x000001b6f4ba0000 - 0x000001b6f4ba4000 	C:\Users\Filip\.javacpp\cache\javacpp-1.5.7-windows-x86_64.jar\org\bytedeco\javacpp\windows-x86_64\api-ms-win-core-string-l1-1-0.dll
0x000001b6f4bb0000 - 0x000001b6f4bb4000 	C:\Users\Filip\.javacpp\cache\javacpp-1.5.7-windows-x86_64.jar\org\bytedeco\javacpp\windows-x86_64\api-ms-win-core-errorhandling-l1-1-0.dll
0x000001b6f4bc0000 - 0x000001b6f4bc4000 	C:\Users\Filip\.javacpp\cache\javacpp-1.5.7-windows-x86_64.jar\org\bytedeco\javacpp\windows-x86_64\api-ms-win-core-timezone-l1-1-0.dll
0x000001b6f4bd0000 - 0x000001b6f4bd5000 	C:\Users\Filip\.javacpp\cache\javacpp-1.5.7-windows-x86_64.jar\org\bytedeco\javacpp\windows-x86_64\api-ms-win-core-file-l1-1-0.dll
0x000001b6f4be0000 - 0x000001b6f4be4000 	C:\Users\Filip\.javacpp\cache\javacpp-1.5.7-windows-x86_64.jar\org\bytedeco\javacpp\windows-x86_64\api-ms-win-core-namedpipe-l1-1-0.dll
0x000001b6f4bf0000 - 0x000001b6f4bf4000 	C:\Users\Filip\.javacpp\cache\javacpp-1.5.7-windows-x86_64.jar\org\bytedeco\javacpp\windows-x86_64\api-ms-win-core-handle-l1-1-0.dll
0x000001b6f4c00000 - 0x000001b6f4c04000 	C:\Users\Filip\.javacpp\cache\javacpp-1.5.7-windows-x86_64.jar\org\bytedeco\javacpp\windows-x86_64\api-ms-win-core-file-l2-1-0.dll
0x000001b6f4c10000 - 0x000001b6f4c14000 	C:\Users\Filip\.javacpp\cache\javacpp-1.5.7-windows-x86_64.jar\org\bytedeco\javacpp\windows-x86_64\api-ms-win-core-heap-l1-1-0.dll
0x000001b6f4c20000 - 0x000001b6f4c24000 	C:\Users\Filip\.javacpp\cache\javacpp-1.5.7-windows-x86_64.jar\org\bytedeco\javacpp\windows-x86_64\api-ms-win-core-libraryloader-l1-1-0.dll
0x000001b6f4c30000 - 0x000001b6f4c34000 	C:\Users\Filip\.javacpp\cache\javacpp-1.5.7-windows-x86_64.jar\org\bytedeco\javacpp\windows-x86_64\api-ms-win-core-synch-l1-1-0.dll
0x000001b6f4c40000 - 0x000001b6f4c44000 	C:\Users\Filip\.javacpp\cache\javacpp-1.5.7-windows-x86_64.jar\org\bytedeco\javacpp\windows-x86_64\api-ms-win-core-processthreads-l1-1-0.dll
0x000001b6f4c50000 - 0x000001b6f4c54000 	C:\Users\Filip\.javacpp\cache\javacpp-1.5.7-windows-x86_64.jar\org\bytedeco\javacpp\windows-x86_64\api-ms-win-core-processenvironment-l1-1-0.dll
0x000001b6f4c60000 - 0x000001b6f4c64000 	C:\Users\Filip\.javacpp\cache\javacpp-1.5.7-windows-x86_64.jar\org\bytedeco\javacpp\windows-x86_64\api-ms-win-core-datetime-l1-1-0.dll
0x000001b6f4c70000 - 0x000001b6f4c74000 	C:\Users\Filip\.javacpp\cache\javacpp-1.5.7-windows-x86_64.jar\org\bytedeco\javacpp\windows-x86_64\api-ms-win-core-localization-l1-2-0.dll
0x000001b6f5080000 - 0x000001b6f5084000 	C:\Users\Filip\.javacpp\cache\javacpp-1.5.7-windows-x86_64.jar\org\bytedeco\javacpp\windows-x86_64\api-ms-win-core-sysinfo-l1-1-0.dll
0x000001b6f4c80000 - 0x000001b6f4c84000 	C:\Users\Filip\.javacpp\cache\javacpp-1.5.7-windows-x86_64.jar\org\bytedeco\javacpp\windows-x86_64\api-ms-win-core-synch-l1-2-0.dll
0x000001b6f4c90000 - 0x000001b6f4c94000 	C:\Users\Filip\.javacpp\cache\javacpp-1.5.7-windows-x86_64.jar\org\bytedeco\javacpp\windows-x86_64\api-ms-win-core-console-l1-1-0.dll
0x000001b6f4ca0000 - 0x000001b6f4ca4000 	C:\Users\Filip\.javacpp\cache\javacpp-1.5.7-windows-x86_64.jar\org\bytedeco\javacpp\windows-x86_64\api-ms-win-core-debug-l1-1-0.dll
0x000001b6f4cb0000 - 0x000001b6f4cb4000 	C:\Users\Filip\.javacpp\cache\javacpp-1.5.7-windows-x86_64.jar\org\bytedeco\javacpp\windows-x86_64\api-ms-win-core-rtlsupport-l1-1-0.dll
0x000001b6f4cc0000 - 0x000001b6f4cc4000 	C:\Users\Filip\.javacpp\cache\javacpp-1.5.7-windows-x86_64.jar\org\bytedeco\javacpp\windows-x86_64\api-ms-win-core-processthreads-l1-1-1.dll
0x000001b6f4cd0000 - 0x000001b6f4cd4000 	C:\Users\Filip\.javacpp\cache\javacpp-1.5.7-windows-x86_64.jar\org\bytedeco\javacpp\windows-x86_64\api-ms-win-core-file-l1-2-0.dll
0x000001b6f4ce0000 - 0x000001b6f4ce4000 	C:\Users\Filip\.javacpp\cache\javacpp-1.5.7-windows-x86_64.jar\org\bytedeco\javacpp\windows-x86_64\api-ms-win-core-profile-l1-1-0.dll
0x000001b6f4f20000 - 0x000001b6f4f24000 	C:\Users\Filip\.javacpp\cache\javacpp-1.5.7-windows-x86_64.jar\org\bytedeco\javacpp\windows-x86_64\api-ms-win-core-memory-l1-1-0.dll
0x000001b6f4f30000 - 0x000001b6f4f34000 	C:\Users\Filip\.javacpp\cache\javacpp-1.5.7-windows-x86_64.jar\org\bytedeco\javacpp\windows-x86_64\api-ms-win-core-util-l1-1-0.dll
0x000001b6f4f40000 - 0x000001b6f4f44000 	C:\Users\Filip\.javacpp\cache\javacpp-1.5.7-windows-x86_64.jar\org\bytedeco\javacpp\windows-x86_64\api-ms-win-core-interlocked-l1-1-0.dll
0x00007ff9e6520000 - 0x00007ff9e6631000 	C:\Users\Filip\.javacpp\cache\javacpp-1.5.7-windows-x86_64.jar\org\bytedeco\javacpp\windows-x86_64\ucrtbase.dll
0x00007ff9e7240000 - 0x00007ff9e725b000 	C:\Users\Filip\.javacpp\cache\javacpp-1.5.7-windows-x86_64.jar\org\bytedeco\javacpp\windows-x86_64\vcruntime140.dll
0x00007ff9e7230000 - 0x00007ff9e723c000 	C:\Users\Filip\.javacpp\cache\javacpp-1.5.7-windows-x86_64.jar\org\bytedeco\javacpp\windows-x86_64\vcruntime140_1.dll
0x00007ff9e6490000 - 0x00007ff9e651d000 	C:\Users\Filip\.javacpp\cache\javacpp-1.5.7-windows-x86_64.jar\org\bytedeco\javacpp\windows-x86_64\msvcp140.dll
0x00007ff9e7220000 - 0x00007ff9e7229000 	C:\Users\Filip\.javacpp\cache\javacpp-1.5.7-windows-x86_64.jar\org\bytedeco\javacpp\windows-x86_64\msvcp140_1.dll
0x00007ff9e6440000 - 0x00007ff9e648e000 	C:\Users\Filip\.javacpp\cache\javacpp-1.5.7-windows-x86_64.jar\org\bytedeco\javacpp\windows-x86_64\concrt140.dll
0x00007ff9e71e0000 - 0x00007ff9e7211000 	C:\Users\Filip\.javacpp\cache\javacpp-1.5.7-windows-x86_64.jar\org\bytedeco\javacpp\windows-x86_64\vcomp140.dll
0x00007ff9e6430000 - 0x00007ff9e643e000 	C:\Users\Filip\.javacpp\cache\javacpp-1.5.7-windows-x86_64.jar\org\bytedeco\javacpp\windows-x86_64\jnijavacpp.dll
0x00007ff9e5f60000 - 0x00007ff9e6424000 	C:\Users\Filip\.javacpp\cache\hdf5-1.12.1-1.5.7-windows-x86_64.jar\org\bytedeco\hdf5\windows-x86_64\jnihdf5.dll
0x000000006d7c0000 - 0x000000006f369000 	C:\Users\Filip\.javacpp\cache\openblas-0.3.19-1.5.7-windows-x86_64.jar\org\bytedeco\openblas\windows-x86_64\libopenblas_nolapack.dll
0x00007ff9e5f00000 - 0x00007ff9e5f5e000 	C:\Users\Filip\.javacpp\cache\openblas-0.3.19-1.5.7-windows-x86_64.jar\org\bytedeco\openblas\windows-x86_64\jniopenblas_nolapack.dll
0x0000000000c30000 - 0x00000000027d9000 	C:\Users\Filip\.javacpp\cache\openblas-0.3.19-1.5.7-windows-x86_64.jar\org\bytedeco\openblas\windows-x86_64\libopenblas.dll
0x00007ff9e4b40000 - 0x00007ff9e5ef4000 	C:\Users\Filip\.javacpp\cache\openblas-0.3.19-1.5.7-windows-x86_64.jar\org\bytedeco\openblas\windows-x86_64\jniopenblas.dll
0x00007ff9e4b20000 - 0x00007ff9e4b36000 	C:\Users\Filip\.javacpp\cache\nd4j-native-1.0.0-M2.1-windows-x86_64.jar\org\nd4j\linalg\cpu\nativecpu\bindings\windows-x86_64\libwinpthread-1.dll
0x00007ff9e4af0000 - 0x00007ff9e4b12000 	C:\Users\Filip\.javacpp\cache\nd4j-native-1.0.0-M2.1-windows-x86_64.jar\org\nd4j\linalg\cpu\nativecpu\bindings\windows-x86_64\libgcc_s_seh-1.dll
0x00007ff9e4aa0000 - 0x00007ff9e4ae8000 	C:\Users\Filip\.javacpp\cache\nd4j-native-1.0.0-M2.1-windows-x86_64.jar\org\nd4j\linalg\cpu\nativecpu\bindings\windows-x86_64\libgomp-1.dll
0x00007ff9e48a0000 - 0x00007ff9e4a93000 	C:\Users\Filip\.javacpp\cache\nd4j-native-1.0.0-M2.1-windows-x86_64.jar\org\nd4j\linalg\cpu\nativecpu\bindings\windows-x86_64\libstdc++-6.dll
0x00007ff9d0ec0000 - 0x00007ff9e1c6d000 	C:\Users\Filip\.javacpp\cache\nd4j-native-1.0.0-M2.1-windows-x86_64.jar\org\nd4j\linalg\cpu\nativecpu\bindings\windows-x86_64\libnd4jcpu.dll
0x00007ff9d0c20000 - 0x00007ff9d0eb5000 	C:\Users\Filip\.javacpp\cache\nd4j-native-1.0.0-M2.1-windows-x86_64.jar\org\nd4j\linalg\cpu\nativecpu\bindings\windows-x86_64\jnind4jcpu.dll
0x00007ff9d0780000 - 0x00007ff9d0c1f000 	C:\Users\Filip\.javacpp\cache\opencv-4.5.5-1.5.7-windows-x86_64.jar\org\bytedeco\opencv\windows-x86_64\opencv_core455.dll
0x00007ff9d0020000 - 0x00007ff9d077f000 	C:\Users\Filip\.javacpp\cache\opencv-4.5.5-1.5.7-windows-x86_64.jar\org\bytedeco\opencv\windows-x86_64\opencv_imgproc455.dll
0x00007ff9cfd80000 - 0x00007ff9d0013000 	C:\Users\Filip\.javacpp\cache\opencv-4.5.5-1.5.7-windows-x86_64.jar\org\bytedeco\opencv\windows-x86_64\jniopencv_core.dll
0x00007ff9e4770000 - 0x00007ff9e4891000 	C:\Users\Filip\.javacpp\cache\opencv-4.5.5-1.5.7-windows-x86_64.jar\org\bytedeco\opencv\windows-x86_64\jniopencv_imgproc.dll
0x00007ff9cf950000 - 0x00007ff9cfd76000 	C:\Users\Filip\.javacpp\cache\opencv-4.5.5-1.5.7-windows-x86_64.jar\org\bytedeco\opencv\windows-x86_64\opencv_imgcodecs455.dll
0x00007ff9e44f0000 - 0x00007ff9e4522000 	C:\Users\Filip\.javacpp\cache\opencv-4.5.5-1.5.7-windows-x86_64.jar\org\bytedeco\opencv\windows-x86_64\jniopencv_imgcodecs.dll

dbghelp: loaded successfully - version: 4.0.5 - missing functions: none
symbol engine: initialized successfully - sym options: 0x614 - pdb path: .;C:\Program Files\Java\jdk-15\bin;C:\WINDOWS\SYSTEM32;C:\WINDOWS\WinSxS\amd64_microsoft.windows.common-controls_6595b64144ccf1df_6.0.19041.1110_none_60b5254171f9507e;C:\Program Files\Java\jdk-15\bin\server;C:\Users\Filip\.javacpp\cache\javacpp-1.5.7-windows-x86_64.jar\org\bytedeco\javacpp\windows-x86_64;C:\Users\Filip\.javacpp\cache\hdf5-1.12.1-1.5.7-windows-x86_64.jar\org\bytedeco\hdf5\windows-x86_64;C:\Users\Filip\.javacpp\cache\openblas-0.3.19-1.5.7-windows-x86_64.jar\org\bytedeco\openblas\windows-x86_64;C:\Users\Filip\.javacpp\cache\nd4j-native-1.0.0-M2.1-windows-x86_64.jar\org\nd4j\linalg\cpu\nativecpu\bindings\windows-x86_64;C:\Users\Filip\.javacpp\cache\opencv-4.5.5-1.5.7-windows-x86_64.jar\org\bytedeco\opencv\windows-x86_64

VM Arguments:
jvm_args: -Dfile.encoding=UTF-8 -XX:+ShowCodeDetailsInExceptionMessages 
java_command: fer.fpavicic.jmbagDetector.AnnotatedDatasetExample
java_class_path (initial): D:\FER\diplomski_rad\java\JMBAG_detector\target\classes;C:\Users\Filip\.m2\repository\org\deeplearning4j\deeplearning4j-core\1.0.0-M2.1\deeplearning4j-core-1.0.0-M2.1.jar;C:\Users\Filip\.m2\repository\com\sun\activation\javax.activation\1.2.0\javax.activation-1.2.0.jar;C:\Users\Filip\.m2\repository\org\deeplearning4j\deeplearning4j-datasets\1.0.0-M2.1\deeplearning4j-datasets-1.0.0-M2.1.jar;C:\Users\Filip\.m2\repository\org\deeplearning4j\resources\1.0.0-M2.1\resources-1.0.0-M2.1.jar;C:\Users\Filip\.m2\repository\org\deeplearning4j\deeplearning4j-datavec-iterators\1.0.0-M2.1\deeplearning4j-datavec-iterators-1.0.0-M2.1.jar;C:\Users\Filip\.m2\repository\org\deeplearning4j\deeplearning4j-modelimport\1.0.0-M2.1\deeplearning4j-modelimport-1.0.0-M2.1.jar;C:\Users\Filip\.m2\repository\com\google\code\gson\gson\2.8.0\gson-2.8.0.jar;C:\Users\Filip\.m2\repository\org\bytedeco\hdf5-platform\1.12.1-1.5.7\hdf5-platform-1.12.1-1.5.7.jar;C:\Users\Filip\.m2\repository\org\bytedeco\javacpp-platform\1.5.7\javacpp-platform-1.5.7.jar;C:\Users\Filip\.m2\repository\org\bytedeco\javacpp\1.5.7\javacpp-1.5.7-android-arm.jar;C:\Users\Filip\.m2\repository\org\bytedeco\javacpp\1.5.7\javacpp-1.5.7-android-arm64.jar;C:\Users\Filip\.m2\repository\org\bytedeco\javacpp\1.5.7\javacpp-1.5.7-android-x86.jar;C:\Users\Filip\.m2\repository\org\bytedeco\javacpp\1.5.7\javacpp-1.5.7-android-x86_64.jar;C:\Users\Filip\.m2\repository\org\bytedeco\javacpp\1.5.7\javacpp-1.5.7-ios-arm64.jar;C:\Users\Filip\.m2\repository\org\bytedeco\javacpp\1.5.7\javacpp-1.5.7-ios-x86_64.jar;C:\Users\Filip\.m2\repository\org\bytedeco\javacpp\1.5.7\javacpp-1.5.7-linux-armhf.jar;C:\Users\Filip\.m2\repository\org\bytedeco\javacpp\1.5.7\javacpp-1.5.7-linux-arm64.jar;C:\Users\Filip\.m2\repository\org\bytedeco\javacpp\1.5.7\javacpp-1.5.7-linux-ppc64le.jar;C:\Users\Filip\.m2\repository\org\bytedeco\javacpp\1.5.7\javacpp-1.5.7-linux-x86.jar;C:\Users\Filip\.m2\repository\org\bytedeco\javacpp\1.5.7\javacpp-1.5.7
Launcher Type: SUN_STANDARD

[Global flags]
     intx CICompilerCount                          = 4                                         {product} {ergonomic}
     uint ConcGCThreads                            = 2                                         {product} {ergonomic}
     uint G1ConcRefinementThreads                  = 8                                         {product} {ergonomic}
   size_t G1HeapRegionSize                         = 2097152                                   {product} {ergonomic}
    uintx GCDrainStackTargetSize                   = 64                                        {product} {ergonomic}
   size_t InitialHeapSize                          = 266338304                                 {product} {ergonomic}
   size_t MarkStackSize                            = 4194304                                   {product} {ergonomic}
   size_t MaxHeapSize                              = 4259315712                                {product} {ergonomic}
   size_t MaxNewSize                               = 2554331136                                {product} {ergonomic}
   size_t MinHeapDeltaBytes                        = 2097152                                   {product} {ergonomic}
   size_t MinHeapSize                              = 8388608                                   {product} {ergonomic}
    uintx NonNMethodCodeHeapSize                   = 5839372                                {pd product} {ergonomic}
    uintx NonProfiledCodeHeapSize                  = 122909434                              {pd product} {ergonomic}
    uintx ProfiledCodeHeapSize                     = 122909434                              {pd product} {ergonomic}
    uintx ReservedCodeCacheSize                    = 251658240                              {pd product} {ergonomic}
     bool SegmentedCodeCache                       = true                                      {product} {ergonomic}
     bool ShowCodeDetailsInExceptionMessages       = true                                   {manageable} {command line}
   size_t SoftMaxHeapSize                          = 4259315712                             {manageable} {ergonomic}
     bool UseCompressedClassPointers               = true                                 {lp64_product} {ergonomic}
     bool UseCompressedOops                        = true                                 {lp64_product} {ergonomic}
     bool UseG1GC                                  = true                                      {product} {ergonomic}
     bool UseLargePagesIndividualAllocation        = false                                  {pd product} {ergonomic}

Logging:
Log output configuration:
 #0: stdout all=warning uptime,level,tags
 #1: stderr all=off uptime,level,tags

Environment Variables:
JAVA_HOME=C:\Program Files\Java\jdk1.8.0_301
PATH=C:/Program Files (x86)/Eclipse_2021-03/eclipse//plugins/org.eclipse.justj.openjdk.hotspot.jre.full.win32.x86_64_15.0.2.v20210201-0955/jre/bin/server;C:/Program Files (x86)/Eclipse_2021-03/eclipse//plugins/org.eclipse.justj.openjdk.hotspot.jre.full.win32.x86_64_15.0.2.v20210201-0955/jre/bin;D:\Program Files\Microsoft MPI\Bin\;C:\Program Files\Java\jdk-15\bin;C:\Program Files\Common Files\Oracle\Java\javapath;C:\Program Files (x86)\Intel\Intel(R) Management Engine Components\iCLS\;C:\Program Files\Intel\Intel(R) Management Engine Components\iCLS\;C:\WINDOWS\system32;C:\WINDOWS;C:\WINDOWS\System32\Wbem;C:\WINDOWS\System32\WindowsPowerShell\v1.0\;C:\WINDOWS\System32\OpenSSH\;C:\Program Files\Microsoft VS Code\bin;C:\Program Files\NVIDIA Corporation\NVIDIA NvDLISR;C:\Program Files (x86)\NVIDIA Corporation\PhysX\Common;C:\Program Files (x86)\Intel\Intel(R) Management Engine Components\DAL;C:\Program Files\Intel\Intel(R) Management Engine Components\DAL;C:\Program Files (x86)\Intel\Intel(R) Management Engine Components\IPT;C:\Program Files\Intel\Intel(R) Management Engine Components\IPT;C:\Program Files\hadoop-3.0.0\bin;C:\Program Files\apache-maven-3.6.3\bin;C:\Program Files\Notepad++;C:\Program Files\Microsoft SQL Server\130\Tools\Binn\;C:\Program Files\Microsoft SQL Server\Client SDK\ODBC\170\Tools\Binn\;C:\Program Files (x86)\Microsoft SQL Server\150\Tools\Binn\;C:\Program Files\Microsoft SQL Server\150\Tools\Binn\;C:\Program Files\Microsoft SQL Server\150\DTS\Binn\;C:\Program Files (x86)\Microsoft SQL Server\150\DTS\Binn\;D:\Program Files\Git\cmd;D:\flutter\bin;C:\Users\Filip\AppData\Local\Android\Sdk\tools;C:\Program Files\dotnet\;C:\Program Files (x86)\dotnet\;C:\Program Files\nodejs\;C:\Users\Filip\AppData\Roaming\npm\node_modules\@angular\cli\bin;C:\Users\Filip\AppData\Roaming\npm;C:\WINDOWS\system32;C:\WINDOWS;C:\WINDOWS\System32\Wbem;C:\WINDOWS\System32\WindowsPowerShell\v1.0\;C:\WINDOWS\System32\OpenSSH\;D:\Spark\spark-3.1.2-bin-hadoop3.2\bin;C:\Users\Filip\A
USERNAME=Filip
OS=Windows_NT
PROCESSOR_IDENTIFIER=Intel64 Family 6 Model 158 Stepping 10, GenuineIntel



---------------  S Y S T E M  ---------------

OS:
 Windows 10 , 64 bit Build 19041 (10.0.19041.3031)
OS uptime: 0 days 5:22 hours
HyperV virtualization detected

CPU: total 8 (initial active 8) (4 cores per cpu, 2 threads per core) family 6 model 158 stepping 10, cmov, cx8, fxsr, mmx, sse, sse2, sse3, ssse3, sse4.1, sse4.2, popcnt, vzeroupper, avx, avx2, aes, clmul, erms, 3dnowpref, lzcnt, ht, tsc, tscinvbit, bmi1, bmi2, adx, fma, clflush, clflushopt

Memory: 4k page, system-wide physical 16240M (5194M free)
TotalPageFile size 26480M (AvailPageFile size 8136M)
current process WorkingSet (physical memory assigned to process): 218M, peak: 269M
current process commit charge ("private bytes"): 2057M, peak: 2236M

vm_info: Java HotSpot(TM) 64-Bit Server VM (15+36-1562) for windows-amd64 JRE (15+36-1562), built on Aug 11 2020 22:38:02 by "mach5one" with unknown MS VC++:1925

END.
